[0.021s] Invoking command in '/home/yahyasetz/ros2/trackingcam2/src/build/trackinghead': CMAKE_PREFIX_PATH=/opt/ros/foxy /usr/bin/cmake /home/yahyasetz/ros2/trackingcam2/src/trackinghead -DCMAKE_INSTALL_PREFIX=/home/yahyasetz/ros2/trackingcam2/src/install/trackinghead
[0.040s] -- Found ament_cmake: 0.9.11 (/opt/ros/foxy/share/ament_cmake/cmake)
[0.062s] -- Using PYTHON_EXECUTABLE: /usr/bin/python3
[0.281s] -- Found rclcpp: 2.4.2 (/opt/ros/foxy/share/rclcpp/cmake)
[0.327s] -- Using all available rosidl_typesupport_c: rosidl_typesupport_fastrtps_c;rosidl_typesupport_introspection_c
[0.333s] -- Found rosidl_adapter: 1.3.0 (/opt/ros/foxy/share/rosidl_adapter/cmake)
[0.481s] -- Using all available rosidl_typesupport_cpp: rosidl_typesupport_fastrtps_cpp;rosidl_typesupport_introspection_cpp
[0.556s] -- Found rmw_implementation_cmake: 1.0.3 (/opt/ros/foxy/share/rmw_implementation_cmake/cmake)
[0.558s] -- Using RMW implementation 'rmw_fastrtps_cpp' as default
[0.778s] -- Found sensor_msgs: 2.0.5 (/opt/ros/foxy/share/sensor_msgs/cmake)
[0.957s] -- Found image_transport: 2.4.0 (/opt/ros/foxy/share/image_transport/cmake)
[1.026s] -- Found cv_bridge: 3.0.7 (/opt/ros/foxy/share/cv_bridge/cmake)
[1.065s] -- Found ament_lint_auto: 0.9.7 (/opt/ros/foxy/share/ament_lint_auto/cmake)
[1.169s] -- Added test 'copyright' to check source files copyright and LICENSE
[1.171s] -- Added test 'cppcheck' to perform static code analysis on C / C++ code
[1.171s] -- Configured cppcheck include dirs: 
[1.171s] -- Configured cppcheck exclude dirs and/or files: 
[1.172s] -- Added test 'cpplint' to check C / C++ code against the Google style
[1.173s] -- Configured cpplint exclude dirs and/or files: 
[1.174s] -- Added test 'lint_cmake' to check CMake code style
[1.176s] -- Added test 'uncrustify' to check C / C++ code style
[1.176s] -- Configured uncrustify additional arguments: 
[1.176s] -- Added test 'xmllint' to check XML markup files
[1.182s] -- Configuring done
[1.210s] -- Generating done
[1.212s] -- Build files have been written to: /home/yahyasetz/ros2/trackingcam2/src/build/trackinghead
[1.220s] Invoked command in '/home/yahyasetz/ros2/trackingcam2/src/build/trackinghead' returned '0': CMAKE_PREFIX_PATH=/opt/ros/foxy /usr/bin/cmake /home/yahyasetz/ros2/trackingcam2/src/trackinghead -DCMAKE_INSTALL_PREFIX=/home/yahyasetz/ros2/trackingcam2/src/install/trackinghead
[1.225s] Invoking command in '/home/yahyasetz/ros2/trackingcam2/src/build/trackinghead': CMAKE_PREFIX_PATH=/opt/ros/foxy /usr/bin/cmake --build /home/yahyasetz/ros2/trackingcam2/src/build/trackinghead -- -j8 -l8
[1.280s] [35m[1mScanning dependencies of target head[0m
[1.354s] [ 50%] [32mBuilding CXX object CMakeFiles/head.dir/src/main.cpp.o[0m
[1.618s] [01m[K/home/yahyasetz/ros2/trackingcam2/src/trackinghead/src/main.cpp:3:10:[m[K [01;31m[Kfatal error: [m[Ksensor_msgs/Image.h: No such file or directory
[1.618s]     3 | #include [01;31m[K<sensor_msgs/Image.h>[m[K
[1.618s]       |          [01;31m[K^~~~~~~~~~~~~~~~~~~~~[m[K
[1.619s] compilation terminated.
[1.623s] make[2]: *** [CMakeFiles/head.dir/build.make:63: CMakeFiles/head.dir/src/main.cpp.o] Error 1
[1.624s] make[1]: *** [CMakeFiles/Makefile2:78: CMakeFiles/head.dir/all] Error 2
[1.624s] make: *** [Makefile:141: all] Error 2
[1.627s] Invoked command in '/home/yahyasetz/ros2/trackingcam2/src/build/trackinghead' returned '2': CMAKE_PREFIX_PATH=/opt/ros/foxy /usr/bin/cmake --build /home/yahyasetz/ros2/trackingcam2/src/build/trackinghead -- -j8 -l8
