[35m[1mScanning dependencies of target head[0m
[ 50%] [32mBuilding CXX object CMakeFiles/head.dir/src/main.cpp.o[0m
[01m[K/home/yahyasetz/ros2/trackingcam2/src/trackinghead/src/main.cpp:3:10:[m[K [01;31m[Kfatal error: [m[Ksensor_msgs/Image.hpp: No such file or directory
    3 | #include [01;31m[K<sensor_msgs/Image.hpp>[m[K
      |          [01;31m[K^~~~~~~~~~~~~~~~~~~~~~~[m[K
compilation terminated.
make[2]: *** [CMakeFiles/head.dir/build.make:63: CMakeFiles/head.dir/src/main.cpp.o] Error 1
make[1]: *** [CMakeFiles/Makefile2:78: CMakeFiles/head.dir/all] Error 2
make: *** [Makefile:141: all] Error 2
